-------------------------------------------------------------------------------
Test set: LiDarWorkerTrackerTest
-------------------------------------------------------------------------------
Tests run: 4, Failures: 0, Errors: 4, Skipped: 0, Time elapsed: 0.080 s <<< FAILURE! -- in LiDarWorkerTrackerTest
LiDarWorkerTrackerTest.testProcessingEventWithError -- Time elapsed: 0.034 s <<< ERROR!
java.lang.Error: 
Unresolved compilation problem: 
	Unreachable catch block for IOException. This exception is never thrown from the try statement body

	at LiDarWorkerTrackerTest.setup(LiDarWorkerTrackerTest.java:28)
	at java.base/java.lang.reflect.Method.invoke(Method.java:568)
	at java.base/java.util.ArrayList.forEach(ArrayList.java:1511)
	at java.base/java.util.ArrayList.forEach(ArrayList.java:1511)

LiDarWorkerTrackerTest.testProcessingEventSuccessfully -- Time elapsed: 0.002 s <<< ERROR!
java.lang.Error: 
Unresolved compilation problem: 
	Unreachable catch block for IOException. This exception is never thrown from the try statement body

	at LiDarWorkerTrackerTest.setup(LiDarWorkerTrackerTest.java:28)
	at java.base/java.lang.reflect.Method.invoke(Method.java:568)
	at java.base/java.util.ArrayList.forEach(ArrayList.java:1511)
	at java.base/java.util.ArrayList.forEach(ArrayList.java:1511)

LiDarWorkerTrackerTest.testProcessingEventNoObjectsAtTime -- Time elapsed: 0.006 s <<< ERROR!
java.lang.Error: 
Unresolved compilation problem: 
	Unreachable catch block for IOException. This exception is never thrown from the try statement body

	at LiDarWorkerTrackerTest.setup(LiDarWorkerTrackerTest.java:28)
	at java.base/java.lang.reflect.Method.invoke(Method.java:568)
	at java.base/java.util.ArrayList.forEach(ArrayList.java:1511)
	at java.base/java.util.ArrayList.forEach(ArrayList.java:1511)

LiDarWorkerTrackerTest.testCoordinatesAreFetchedCorrectly -- Time elapsed: 0.001 s <<< ERROR!
java.lang.Error: 
Unresolved compilation problem: 
	Unreachable catch block for IOException. This exception is never thrown from the try statement body

	at LiDarWorkerTrackerTest.setup(LiDarWorkerTrackerTest.java:28)
	at java.base/java.lang.reflect.Method.invoke(Method.java:568)
	at java.base/java.util.ArrayList.forEach(ArrayList.java:1511)
	at java.base/java.util.ArrayList.forEach(ArrayList.java:1511)

