-------------------------------------------------------------------------------
Test set: MessageBusImplTest
-------------------------------------------------------------------------------
Tests run: 5, Failures: 2, Errors: 0, Skipped: 0, Time elapsed: 0.081 s <<< FAILURE! -- in MessageBusImplTest
MessageBusImplTest.testRegisterEventSubscription -- Time elapsed: 0.007 s <<< FAILURE!
org.opentest4j.AssertionFailedError: Expected: Handler should be subscribed only once to ExampleEvent. Actual: Handler is subscribed more than once. ==> expected: <1> but was: <0>
	at org.junit.jupiter.api.AssertionFailureBuilder.build(AssertionFailureBuilder.java:151)
	at org.junit.jupiter.api.AssertionFailureBuilder.buildAndThrow(AssertionFailureBuilder.java:132)
	at org.junit.jupiter.api.AssertEquals.failNotEqual(AssertEquals.java:197)
	at org.junit.jupiter.api.AssertEquals.assertEquals(AssertEquals.java:150)
	at org.junit.jupiter.api.Assertions.assertEquals(Assertions.java:563)
	at MessageBusImplTest.testRegisterEventSubscription(MessageBusImplTest.java:71)
	at java.base/java.lang.reflect.Method.invoke(Method.java:568)
	at java.base/java.util.ArrayList.forEach(ArrayList.java:1511)
	at java.base/java.util.ArrayList.forEach(ArrayList.java:1511)

MessageBusImplTest.testSendEvent -- Time elapsed: 0 s <<< FAILURE!
org.opentest4j.AssertionFailedError: Expected: Future should be null when no subscribers are available. Actual: Future is not null. ==> expected: <null> but was: <bgu.spl.mics.Future@48f2bd5b>
	at org.junit.jupiter.api.AssertionFailureBuilder.build(AssertionFailureBuilder.java:151)
	at org.junit.jupiter.api.AssertionFailureBuilder.buildAndThrow(AssertionFailureBuilder.java:132)
	at org.junit.jupiter.api.AssertNull.failNotNull(AssertNull.java:50)
	at org.junit.jupiter.api.AssertNull.assertNull(AssertNull.java:35)
	at org.junit.jupiter.api.Assertions.assertNull(Assertions.java:287)
	at MessageBusImplTest.testSendEvent(MessageBusImplTest.java:135)
	at java.base/java.lang.reflect.Method.invoke(Method.java:568)
	at java.base/java.util.ArrayList.forEach(ArrayList.java:1511)
	at java.base/java.util.ArrayList.forEach(ArrayList.java:1511)

