<?xml version="1.0" encoding="UTF-8"?>
<testsuite xmlns:xsi="http://www.w3.org/2001/XMLSchema-instance" xsi:noNamespaceSchemaLocation="https://maven.apache.org/surefire/maven-surefire-plugin/xsd/surefire-test-report.xsd" version="3.0.2" name="MessageBusImplTest" time="0.055" tests="12" errors="0" skipped="0" failures="0">
  <properties>
[...]
</properties>
  <testcase name="testCompleteDoesNotAffectOtherEvents" classname="MessageBusImplTest" time="0.004">
    <system-out><![CDATA[Registered MicroService: Handler
Unregistered MicroService: Handler
]]></system-out>
  </testcase>
  <testcase name="testUnregisterRemovesAllReferences" classname="MessageBusImplTest" time="0.003">
    <system-out><![CDATA[Registered MicroService: Service
Service subscribed to Broadcast: ExampleBroadcast
Unregistered MicroService: Service
]]></system-out>
  </testcase>
  <testcase name="testAwaitMessageThrowsExceptionIfNotRegistered" classname="MessageBusImplTest" time="0.001"/>
  <testcase name="testRegisterBroadcastSubscription" classname="MessageBusImplTest" time="0.001">
    <system-out><![CDATA[Registered MicroService: Listener
Registered MicroService: Listener
Listener subscribed to Broadcast: ExampleBroadcast
Unregistered MicroService: Listener
]]></system-out>
  </testcase>
  <testcase name="testRegisterEventSubscription" classname="MessageBusImplTest" time="0.0">
    <system-out><![CDATA[Registered MicroService: Handler
Registered MicroService: Handler
Unregistered MicroService: Handler
]]></system-out>
  </testcase>
  <testcase name="testAwaitMessageReceivesMessagesCorrectly" classname="MessageBusImplTest" time="0.001">
    <system-out><![CDATA[Registered MicroService: service
service subscribed to Broadcast: ExampleBroadcast
Broadcasting to: service
Broadcasting to: service
Unregistered MicroService: service
]]></system-out>
  </testcase>
  <testcase name="testSendEventRoundRobin" classname="MessageBusImplTest" time="0.001">
    <system-out><![CDATA[Registered MicroService: Handler1
Registered MicroService: Handler2
Unregistered MicroService: Handler1
Unregistered MicroService: Handler2
]]></system-out>
  </testcase>
  <testcase name="testSendBroadcast" classname="MessageBusImplTest" time="0.001">
    <system-out><![CDATA[Registered MicroService: Listener1
Registered MicroService: Listener2
Listener1 subscribed to Broadcast: ExampleBroadcast
Listener2 subscribed to Broadcast: ExampleBroadcast
Broadcasting to: Listener1
Broadcasting to: Listener2
Unregistered MicroService: Listener1
Unregistered MicroService: Listener2
]]></system-out>
  </testcase>
  <testcase name="testSendEvent" classname="MessageBusImplTest" time="0.002">
    <system-out><![CDATA[Registered MicroService: Handler
Unregistered MicroService: Handler
]]></system-out>
  </testcase>
  <testcase name="testCompleteUpdatesFutureCorrectly" classname="MessageBusImplTest" time="0.001">
    <system-out><![CDATA[Registered MicroService: Handler
Unregistered MicroService: Handler
]]></system-out>
  </testcase>
  <testcase name="testCompleteWithNonExistentEventDoesNothing" classname="MessageBusImplTest" time="0.001"/>
  <testcase name="testThreadSafetyWithEvents" classname="MessageBusImplTest" time="0.025">
    <system-out><![CDATA[Registered MicroService: Service0
Registered MicroService: Service1
Registered MicroService: Service2
Registered MicroService: Service3
Registered MicroService: Service4
Registered MicroService: Service5
Registered MicroService: Service6
Registered MicroService: Service7
Registered MicroService: Service8
Registered MicroService: Service9
Registered MicroService: Service10
Registered MicroService: Service11
Registered MicroService: Service12
Registered MicroService: Service13
Registered MicroService: Service14
Registered MicroService: Service15
Registered MicroService: Service16
Registered MicroService: Service17
Registered MicroService: Service18
Registered MicroService: Service19
Unregistered MicroService: Service0
Unregistered MicroService: Service1
Unregistered MicroService: Service2
Unregistered MicroService: Service3
Unregistered MicroService: Service4
Unregistered MicroService: Service5
Unregistered MicroService: Service6
Unregistered MicroService: Service7
Unregistered MicroService: Service8
Unregistered MicroService: Service9
Unregistered MicroService: Service10
Unregistered MicroService: Service11
Unregistered MicroService: Service12
Unregistered MicroService: Service13
Unregistered MicroService: Service14
Unregistered MicroService: Service15
Unregistered MicroService: Service16
Unregistered MicroService: Service17
Unregistered MicroService: Service18
Unregistered MicroService: Service19
]]></system-out>
  </testcase>
</testsuite>