<?xml version="1.0" encoding="UTF-8"?>
<testsuite xmlns:xsi="http://www.w3.org/2001/XMLSchema-instance" xsi:noNamespaceSchemaLocation="https://maven.apache.org/surefire/maven-surefire-plugin/xsd/surefire-test-report.xsd" version="3.0.2" name="LiDarWorkerTrackerTest" time="0.08" tests="4" errors="4" skipped="0" failures="0">
  <properties>
[...]
</properties>
  <testcase name="testProcessingEventWithError" classname="LiDarWorkerTrackerTest" time="0.034">
    <error message="Unresolved compilation problem: &#10;	Unreachable catch block for IOException. This exception is never thrown from the try statement body&#10;" type="java.lang.Error"><![CDATA[java.lang.Error: 
Unresolved compilation problem: 
	Unreachable catch block for IOException. This exception is never thrown from the try statement body

	at LiDarWorkerTrackerTest.setup(LiDarWorkerTrackerTest.java:28)
	at java.base/java.lang.reflect.Method.invoke(Method.java:568)
	at java.base/java.util.ArrayList.forEach(ArrayList.java:1511)
	at java.base/java.util.ArrayList.forEach(ArrayList.java:1511)
]]></error>
  </testcase>
  <testcase name="testProcessingEventSuccessfully" classname="LiDarWorkerTrackerTest" time="0.002">
    <error message="Unresolved compilation problem: &#10;	Unreachable catch block for IOException. This exception is never thrown from the try statement body&#10;" type="java.lang.Error"><![CDATA[java.lang.Error: 
Unresolved compilation problem: 
	Unreachable catch block for IOException. This exception is never thrown from the try statement body

	at LiDarWorkerTrackerTest.setup(LiDarWorkerTrackerTest.java:28)
	at java.base/java.lang.reflect.Method.invoke(Method.java:568)
	at java.base/java.util.ArrayList.forEach(ArrayList.java:1511)
	at java.base/java.util.ArrayList.forEach(ArrayList.java:1511)
]]></error>
  </testcase>
  <testcase name="testProcessingEventNoObjectsAtTime" classname="LiDarWorkerTrackerTest" time="0.006">
    <error message="Unresolved compilation problem: &#10;	Unreachable catch block for IOException. This exception is never thrown from the try statement body&#10;" type="java.lang.Error"><![CDATA[java.lang.Error: 
Unresolved compilation problem: 
	Unreachable catch block for IOException. This exception is never thrown from the try statement body

	at LiDarWorkerTrackerTest.setup(LiDarWorkerTrackerTest.java:28)
	at java.base/java.lang.reflect.Method.invoke(Method.java:568)
	at java.base/java.util.ArrayList.forEach(ArrayList.java:1511)
	at java.base/java.util.ArrayList.forEach(ArrayList.java:1511)
]]></error>
  </testcase>
  <testcase name="testCoordinatesAreFetchedCorrectly" classname="LiDarWorkerTrackerTest" time="0.001">
    <error message="Unresolved compilation problem: &#10;	Unreachable catch block for IOException. This exception is never thrown from the try statement body&#10;" type="java.lang.Error"><![CDATA[java.lang.Error: 
Unresolved compilation problem: 
	Unreachable catch block for IOException. This exception is never thrown from the try statement body

	at LiDarWorkerTrackerTest.setup(LiDarWorkerTrackerTest.java:28)
	at java.base/java.lang.reflect.Method.invoke(Method.java:568)
	at java.base/java.util.ArrayList.forEach(ArrayList.java:1511)
	at java.base/java.util.ArrayList.forEach(ArrayList.java:1511)
]]></error>
  </testcase>
</testsuite>